<?xml version="1.0" encoding="UTF-8"?>
<robot generator="Robot 3.1.2 (Python 3.8.1 on win32)" generated="20200226 11:45:30.811" rpa="false">
<suite id="s1" name="Infotivcarrental" source="C:\Users\maerj\Dropbox\Studier\ITHS\Mjukvarutestare\Automatiserad testning\AutoLab\collab\Tests\Infotivcarrental.robot">
<test id="s1-t1" name="Current date test">
<kw name="Begin Web Test" library="keywords" type="setup">
<kw name="Open Browser" library="SeleniumLibrary">
<doc>Opens a new browser instance to the optional ``url``.</doc>
<arguments>
<arg>about:blank</arg>
<arg>${BROWSER}</arg>
</arguments>
<msg timestamp="20200226 11:45:31.312" level="INFO">Opening browser 'chrome' to base url 'about:blank'.</msg>
<status status="PASS" starttime="20200226 11:45:31.312" endtime="20200226 11:45:37.081"></status>
</kw>
<kw name="Maximize Browser Window" library="SeleniumLibrary">
<doc>Maximizes current browser window.</doc>
<status status="PASS" starttime="20200226 11:45:37.081" endtime="20200226 11:45:41.212"></status>
</kw>
<status status="PASS" starttime="20200226 11:45:31.311" endtime="20200226 11:45:41.212"></status>
</kw>
<kw name="Get Current Date">
<arguments>
<arg>result_format=datetime</arg>
</arguments>
<assign>
<var>${date} =</var>
</assign>
<msg timestamp="20200226 11:45:41.224" level="FAIL">No keyword with name 'Get Current Date' found.</msg>
<status status="FAIL" starttime="20200226 11:45:41.224" endtime="20200226 11:45:41.225"></status>
</kw>
<kw name="End Web Test" library="keywords" type="teardown">
<kw name="Close Browser" library="SeleniumLibrary">
<doc>Closes the current browser.</doc>
<status status="PASS" starttime="20200226 11:45:41.226" endtime="20200226 11:45:43.718"></status>
</kw>
<status status="PASS" starttime="20200226 11:45:41.225" endtime="20200226 11:45:43.719"></status>
</kw>
<status status="FAIL" starttime="20200226 11:45:31.311" endtime="20200226 11:45:43.719" critical="yes">No keyword with name 'Get Current Date' found.</status>
</test>
<status status="FAIL" starttime="20200226 11:45:30.815" endtime="20200226 11:45:43.723"></status>
</suite>
<statistics>
<total>
<stat pass="0" fail="1">Critical Tests</stat>
<stat pass="0" fail="1">All Tests</stat>
</total>
<tag>
</tag>
<suite>
<stat pass="0" fail="1" id="s1" name="Infotivcarrental">Infotivcarrental</stat>
</suite>
</statistics>
<errors>
</errors>
</robot>
