<?xml version="1.0" encoding="UTF-8"?>
<robot generator="Robot 3.1.2 (Python 3.8.1 on win32)" generated="20200226 18:03:25.549" rpa="false">
<suite id="s1" name="Infotivcarrental" source="C:\Users\marcu\PycharmProjects\Labb3\Tests\Infotivcarrental.robot">
<test id="s1-t1" name="Start Date Selector">
<kw name="Begin Web Test" library="keywords" type="setup">
<kw name="Open Browser" library="SeleniumLibrary">
<doc>Opens a new browser instance to the optional ``url``.</doc>
<arguments>
<arg>about:blank</arg>
<arg>${BROWSER}</arg>
</arguments>
<msg timestamp="20200226 18:03:25.985" level="INFO">Opening browser 'chrome' to base url 'about:blank'.</msg>
<status status="PASS" starttime="20200226 18:03:25.985" endtime="20200226 18:03:31.427"></status>
</kw>
<kw name="Maximize Browser Window" library="SeleniumLibrary">
<doc>Maximizes current browser window.</doc>
<status status="PASS" starttime="20200226 18:03:31.427" endtime="20200226 18:03:35.559"></status>
</kw>
<status status="PASS" starttime="20200226 18:03:25.985" endtime="20200226 18:03:35.559"></status>
</kw>
<kw name="Go to Web Page" library="keywords">
<kw name="Load Page" library="keywords">
<kw name="Go To" library="SeleniumLibrary">
<doc>Navigates the current browser window to the provided ``url``.</doc>
<arguments>
<arg>${URL}</arg>
</arguments>
<msg timestamp="20200226 18:03:35.560" level="INFO">Opening url 'http://rental21.infotiv.net/'</msg>
<status status="PASS" starttime="20200226 18:03:35.560" endtime="20200226 18:03:35.978"></status>
</kw>
<status status="PASS" starttime="20200226 18:03:35.559" endtime="20200226 18:03:35.978"></status>
</kw>
<kw name="Verify Page Loaded" library="keywords">
<kw name="Get Text" library="SeleniumLibrary">
<doc>Returns the text value of the element identified by ``locator``.</doc>
<arguments>
<arg>id:title</arg>
</arguments>
<assign>
<var>${link_text}</var>
</assign>
<msg timestamp="20200226 18:03:36.084" level="INFO">${link_text} = Infotiv Car Rental</msg>
<status status="PASS" starttime="20200226 18:03:35.978" endtime="20200226 18:03:36.084"></status>
</kw>
<kw name="Should Be Equal" library="BuiltIn">
<doc>Fails if the given objects are unequal.</doc>
<arguments>
<arg>${link_text}</arg>
<arg>Infotiv Car Rental</arg>
</arguments>
<status status="PASS" starttime="20200226 18:03:36.084" endtime="20200226 18:03:36.085"></status>
</kw>
<status status="PASS" starttime="20200226 18:03:35.978" endtime="20200226 18:03:36.085"></status>
</kw>
<status status="PASS" starttime="20200226 18:03:35.559" endtime="20200226 18:03:36.086"></status>
</kw>
<kw name="Input Text" library="SeleniumLibrary">
<doc>Types the given ``text`` into the text field identified by ``locator``.</doc>
<arguments>
<arg>name:start</arg>
<arg>0202</arg>
</arguments>
<msg timestamp="20200226 18:03:36.086" level="INFO">Typing text '0202' into text field 'name:start'.</msg>
<status status="PASS" starttime="20200226 18:03:36.086" endtime="20200226 18:03:36.228"></status>
</kw>
<kw name="Sleep" library="BuiltIn">
<doc>Pauses the test executed for the given time.</doc>
<arguments>
<arg>3s</arg>
</arguments>
<msg timestamp="20200226 18:03:39.228" level="INFO">Slept 3 seconds</msg>
<status status="PASS" starttime="20200226 18:03:36.228" endtime="20200226 18:03:39.228"></status>
</kw>
<kw name="End Web Test" library="keywords" type="teardown">
<kw name="Close Browser" library="SeleniumLibrary">
<doc>Closes the current browser.</doc>
<status status="PASS" starttime="20200226 18:03:39.229" endtime="20200226 18:03:41.517"></status>
</kw>
<status status="PASS" starttime="20200226 18:03:39.228" endtime="20200226 18:03:41.517"></status>
</kw>
<doc>Väljer startdatum, Gherkin-syntax i bifogad dokumentation xxx.doc</doc>
<tags>
<tag>StartDateSelector</tag>
</tags>
<status status="PASS" starttime="20200226 18:03:25.984" endtime="20200226 18:03:41.518" critical="yes"></status>
</test>
<status status="PASS" starttime="20200226 18:03:25.552" endtime="20200226 18:03:41.520"></status>
</suite>
<statistics>
<total>
<stat pass="1" fail="0">Critical Tests</stat>
<stat pass="1" fail="0">All Tests</stat>
</total>
<tag>
<stat pass="1" fail="0">StartDateSelector</stat>
</tag>
<suite>
<stat pass="1" fail="0" id="s1" name="Infotivcarrental">Infotivcarrental</stat>
</suite>
</statistics>
<errors>
</errors>
</robot>
