<?xml version="1.0" encoding="UTF-8"?>
<robot generator="Robot 3.1.2 (Python 3.8.1 on win32)" generated="20200224 15:10:16.413" rpa="false">
<suite id="s1" name="Tests" source="C:\Users\marcu\PycharmProjects\Labb3\Tests">
<suite id="s1-s1" name="Infotivcarrental" source="C:\Users\marcu\PycharmProjects\Labb3\Tests\Infotivcarrental.robot">
<test id="s1-s1-t1" name="User test negativ">
<kw name="Begin Web Test" library="keywords" type="setup">
<kw name="Open Browser" library="SeleniumLibrary">
<doc>Opens a new browser instance to the optional ``url``.</doc>
<arguments>
<arg>about:blank</arg>
<arg>${BROWSER}</arg>
</arguments>
<msg timestamp="20200224 15:10:16.710" level="INFO">Opening browser 'chrome' to base url 'about:blank'.</msg>
<status status="PASS" starttime="20200224 15:10:16.710" endtime="20200224 15:10:22.131"></status>
</kw>
<kw name="Maximize Browser Window" library="SeleniumLibrary">
<doc>Maximizes current browser window.</doc>
<status status="PASS" starttime="20200224 15:10:22.131" endtime="20200224 15:10:26.305"></status>
</kw>
<status status="PASS" starttime="20200224 15:10:16.710" endtime="20200224 15:10:26.305"></status>
</kw>
<kw name="Go to Web Page" library="keywords">
<kw name="Load Page" library="keywords">
<kw name="Go To" library="SeleniumLibrary">
<doc>Navigates the current browser window to the provided ``url``.</doc>
<arguments>
<arg>${URL}</arg>
</arguments>
<msg timestamp="20200224 15:10:26.305" level="INFO">Opening url 'http://rental21.infotiv.net/'</msg>
<status status="PASS" starttime="20200224 15:10:26.305" endtime="20200224 15:10:26.683"></status>
</kw>
<status status="PASS" starttime="20200224 15:10:26.305" endtime="20200224 15:10:26.683"></status>
</kw>
<kw name="Verify Page Loaded" library="keywords">
<kw name="Get Text" library="SeleniumLibrary">
<doc>Returns the text value of the element identified by ``locator``.</doc>
<arguments>
<arg>id:title</arg>
</arguments>
<assign>
<var>${link_text}</var>
</assign>
<msg timestamp="20200224 15:10:26.739" level="INFO">${link_text} = Infotiv Car Rental</msg>
<status status="PASS" starttime="20200224 15:10:26.684" endtime="20200224 15:10:26.739"></status>
</kw>
<kw name="Should Be Equal" library="BuiltIn">
<doc>Fails if the given objects are unequal.</doc>
<arguments>
<arg>${link_text}</arg>
<arg>Infotiv Car Rental</arg>
</arguments>
<status status="PASS" starttime="20200224 15:10:26.739" endtime="20200224 15:10:26.739"></status>
</kw>
<status status="PASS" starttime="20200224 15:10:26.684" endtime="20200224 15:10:26.739"></status>
</kw>
<status status="PASS" starttime="20200224 15:10:26.305" endtime="20200224 15:10:26.739"></status>
</kw>
<kw name="Choose item" library="keywords">
<kw name="Sleep" library="BuiltIn">
<doc>Pauses the test executed for the given time.</doc>
<arguments>
<arg>3s</arg>
</arguments>
<msg timestamp="20200224 15:10:29.755" level="INFO">Slept 3 seconds</msg>
<status status="PASS" starttime="20200224 15:10:26.739" endtime="20200224 15:10:29.755"></status>
</kw>
<kw name="Click Button" library="SeleniumLibrary">
<doc>Clicks the button identified by ``locator``.</doc>
<arguments>
<arg>xpath://button[@id="login"]</arg>
</arguments>
<msg timestamp="20200224 15:10:29.755" level="INFO">Clicking button 'xpath://button[@id="login"]'.</msg>
<status status="PASS" starttime="20200224 15:10:29.755" endtime="20200224 15:10:29.907"></status>
</kw>
<kw name="Input Text" library="SeleniumLibrary">
<doc>Types the given ``text`` into the text field identified by ``locator``.</doc>
<arguments>
<arg>id:email</arg>
<arg>555@telia.com</arg>
</arguments>
<msg timestamp="20200224 15:10:29.908" level="INFO">Typing text '555@telia.com' into text field 'id:email'.</msg>
<status status="PASS" starttime="20200224 15:10:29.907" endtime="20200224 15:10:30.080"></status>
</kw>
<kw name="Click Button" library="SeleniumLibrary">
<doc>Clicks the button identified by ``locator``.</doc>
<arguments>
<arg>xpath://button[@id="login"]</arg>
</arguments>
<msg timestamp="20200224 15:10:30.080" level="INFO">Clicking button 'xpath://button[@id="login"]'.</msg>
<status status="PASS" starttime="20200224 15:10:30.080" endtime="20200224 15:10:30.201"></status>
</kw>
<kw name="Should Be Equal" library="BuiltIn">
<doc>Fails if the given objects are unequal.</doc>
<arguments>
<arg>${elem}</arg>
</arguments>
<msg timestamp="20200224 15:10:30.201" level="FAIL">Keyword 'BuiltIn.Should Be Equal' expected 2 to 6 arguments, got 1.</msg>
<status status="FAIL" starttime="20200224 15:10:30.201" endtime="20200224 15:10:30.201"></status>
</kw>
<status status="FAIL" starttime="20200224 15:10:26.739" endtime="20200224 15:10:30.201"></status>
</kw>
<kw name="End Web Test" library="keywords" type="teardown">
<kw name="Close Browser" library="SeleniumLibrary">
<doc>Closes the current browser.</doc>
<status status="PASS" starttime="20200224 15:10:30.202" endtime="20200224 15:10:32.518"></status>
</kw>
<status status="PASS" starttime="20200224 15:10:30.202" endtime="20200224 15:10:32.518"></status>
</kw>
<doc>Skriva in negativ tom textbox</doc>
<tags>
<tag>Textbox tom</tag>
</tags>
<status status="FAIL" starttime="20200224 15:10:16.710" endtime="20200224 15:10:32.518" critical="yes">Keyword 'BuiltIn.Should Be Equal' expected 2 to 6 arguments, got 1.</status>
</test>
<status status="FAIL" starttime="20200224 15:10:16.460" endtime="20200224 15:10:32.518"></status>
</suite>
<status status="FAIL" starttime="20200224 15:10:16.429" endtime="20200224 15:10:32.518"></status>
</suite>
<statistics>
<total>
<stat pass="0" fail="1">Critical Tests</stat>
<stat pass="0" fail="1">All Tests</stat>
</total>
<tag>
<stat pass="0" fail="1">Textbox tom</stat>
</tag>
<suite>
<stat pass="0" fail="1" id="s1" name="Tests">Tests</stat>
<stat pass="0" fail="1" id="s1-s1" name="Infotivcarrental">Tests.Infotivcarrental</stat>
</suite>
</statistics>
<errors>
</errors>
</robot>
